  [1m[36m (75.7ms)[0m  [1mCREATE TABLE `schema_migrations` (`version` varchar(255) NOT NULL) ENGINE=InnoDB[0m
  [1m[35m (200.2ms)[0m  CREATE UNIQUE INDEX `unique_schema_migrations`  ON `schema_migrations` (`version`) 
  [1m[36mActiveRecord::SchemaMigration Load (0.2ms)[0m  [1mSELECT `schema_migrations`.* FROM `schema_migrations`[0m
Migrating to CreateContacts (20160705161453)
  [1m[35m (80.4ms)[0m  CREATE TABLE `contacts` (`id` int(11) auto_increment PRIMARY KEY, `name_first` varchar(255), `name_last` varchar(255), `email` varchar(255), `twitter` varchar(255), `created_at` datetime NOT NULL, `updated_at` datetime NOT NULL) ENGINE=InnoDB
  [1m[36m (0.1ms)[0m  [1mBEGIN[0m
  [1m[35mSQL (0.2ms)[0m  INSERT INTO `schema_migrations` (`version`) VALUES ('20160705161453')
  [1m[36m (38.7ms)[0m  [1mCOMMIT[0m
Migrating to CreatePhoneNumbers (20160705161507)
  [1m[35m (83.1ms)[0m  CREATE TABLE `phone_numbers` (`id` int(11) auto_increment PRIMARY KEY, `contact_id` int(11), `name` varchar(255), `phone_number` varchar(255), `created_at` datetime NOT NULL, `updated_at` datetime NOT NULL) ENGINE=InnoDB
  [1m[36m (0.1ms)[0m  [1mBEGIN[0m
  [1m[35mSQL (0.2ms)[0m  INSERT INTO `schema_migrations` (`version`) VALUES ('20160705161507')
  [1m[36m (40.8ms)[0m  [1mCOMMIT[0m
  [1m[35mActiveRecord::SchemaMigration Load (0.2ms)[0m  SELECT `schema_migrations`.* FROM `schema_migrations`
  [1m[36m (0.1ms)[0m  [1mSELECT fk.referenced_table_name as 'to_table'
      ,fk.referenced_column_name as 'primary_key'
      ,fk.column_name as 'column'
      ,fk.constraint_name as 'name'
FROM information_schema.key_column_usage fk
WHERE fk.referenced_column_name is not null
  AND fk.table_schema = 'jsonapi_test'
  AND fk.table_name = 'contacts'
[0m
  [1m[35m (0.1ms)[0m  SHOW CREATE TABLE `contacts`
  [1m[36m (0.1ms)[0m  [1mSELECT fk.referenced_table_name as 'to_table'
      ,fk.referenced_column_name as 'primary_key'
      ,fk.column_name as 'column'
      ,fk.constraint_name as 'name'
FROM information_schema.key_column_usage fk
WHERE fk.referenced_column_name is not null
  AND fk.table_schema = 'jsonapi_test'
  AND fk.table_name = 'phone_numbers'
[0m
  [1m[35m (0.1ms)[0m  SHOW CREATE TABLE `phone_numbers`


Started POST "/contacts" for 127.0.0.1 at 2016-07-05 11:20:30 -0500
  [1m[36mActiveRecord::SchemaMigration Load (0.2ms)[0m  [1mSELECT `schema_migrations`.* FROM `schema_migrations`[0m

ActionController::RoutingError (No route matches [POST] "/contacts"):
  actionpack (4.2.6) lib/action_dispatch/middleware/debug_exceptions.rb:21:in `call'
  web-console (2.3.0) lib/web_console/middleware.rb:28:in `block in call'
  web-console (2.3.0) lib/web_console/middleware.rb:18:in `catch'
  web-console (2.3.0) lib/web_console/middleware.rb:18:in `call'
  actionpack (4.2.6) lib/action_dispatch/middleware/show_exceptions.rb:30:in `call'
  railties (4.2.6) lib/rails/rack/logger.rb:38:in `call_app'
  railties (4.2.6) lib/rails/rack/logger.rb:20:in `block in call'
  activesupport (4.2.6) lib/active_support/tagged_logging.rb:68:in `block in tagged'
  activesupport (4.2.6) lib/active_support/tagged_logging.rb:26:in `tagged'
  activesupport (4.2.6) lib/active_support/tagged_logging.rb:68:in `tagged'
  railties (4.2.6) lib/rails/rack/logger.rb:20:in `call'
  actionpack (4.2.6) lib/action_dispatch/middleware/request_id.rb:21:in `call'
  rack (1.6.4) lib/rack/methodoverride.rb:22:in `call'
  rack (1.6.4) lib/rack/runtime.rb:18:in `call'
  activesupport (4.2.6) lib/active_support/cache/strategy/local_cache_middleware.rb:28:in `call'
  rack (1.6.4) lib/rack/lock.rb:17:in `call'
  actionpack (4.2.6) lib/action_dispatch/middleware/static.rb:120:in `call'
  rack (1.6.4) lib/rack/sendfile.rb:113:in `call'
  railties (4.2.6) lib/rails/engine.rb:518:in `call'
  railties (4.2.6) lib/rails/application.rb:165:in `call'
  rack (1.6.4) lib/rack/lock.rb:17:in `call'
  rack (1.6.4) lib/rack/content_length.rb:15:in `call'
  rack (1.6.4) lib/rack/handler/webrick.rb:88:in `service'
  /home/brahian/.rvm/rubies/ruby-2.2.0/lib/ruby/2.2.0/webrick/httpserver.rb:138:in `service'
  /home/brahian/.rvm/rubies/ruby-2.2.0/lib/ruby/2.2.0/webrick/httpserver.rb:94:in `run'
  /home/brahian/.rvm/rubies/ruby-2.2.0/lib/ruby/2.2.0/webrick/server.rb:294:in `block in start_thread'




Started POST "/contacts.json" for 127.0.0.1 at 2016-07-05 11:20:52 -0500

ActionController::RoutingError (No route matches [POST] "/contacts.json"):
  actionpack (4.2.6) lib/action_dispatch/middleware/debug_exceptions.rb:21:in `call'
  web-console (2.3.0) lib/web_console/middleware.rb:28:in `block in call'
  web-console (2.3.0) lib/web_console/middleware.rb:18:in `catch'
  web-console (2.3.0) lib/web_console/middleware.rb:18:in `call'
  actionpack (4.2.6) lib/action_dispatch/middleware/show_exceptions.rb:30:in `call'
  railties (4.2.6) lib/rails/rack/logger.rb:38:in `call_app'
  railties (4.2.6) lib/rails/rack/logger.rb:20:in `block in call'
  activesupport (4.2.6) lib/active_support/tagged_logging.rb:68:in `block in tagged'
  activesupport (4.2.6) lib/active_support/tagged_logging.rb:26:in `tagged'
  activesupport (4.2.6) lib/active_support/tagged_logging.rb:68:in `tagged'
  railties (4.2.6) lib/rails/rack/logger.rb:20:in `call'
  actionpack (4.2.6) lib/action_dispatch/middleware/request_id.rb:21:in `call'
  rack (1.6.4) lib/rack/methodoverride.rb:22:in `call'
  rack (1.6.4) lib/rack/runtime.rb:18:in `call'
  activesupport (4.2.6) lib/active_support/cache/strategy/local_cache_middleware.rb:28:in `call'
  rack (1.6.4) lib/rack/lock.rb:17:in `call'
  actionpack (4.2.6) lib/action_dispatch/middleware/static.rb:120:in `call'
  rack (1.6.4) lib/rack/sendfile.rb:113:in `call'
  railties (4.2.6) lib/rails/engine.rb:518:in `call'
  railties (4.2.6) lib/rails/application.rb:165:in `call'
  rack (1.6.4) lib/rack/lock.rb:17:in `call'
  rack (1.6.4) lib/rack/content_length.rb:15:in `call'
  rack (1.6.4) lib/rack/handler/webrick.rb:88:in `service'
  /home/brahian/.rvm/rubies/ruby-2.2.0/lib/ruby/2.2.0/webrick/httpserver.rb:138:in `service'
  /home/brahian/.rvm/rubies/ruby-2.2.0/lib/ruby/2.2.0/webrick/httpserver.rb:94:in `run'
  /home/brahian/.rvm/rubies/ruby-2.2.0/lib/ruby/2.2.0/webrick/server.rb:294:in `block in start_thread'




Started POST "/contacts" for 127.0.0.1 at 2016-07-05 11:21:57 -0500

AbstractController::ActionNotFound (The action 'create' could not be found for ContactsController):
  actionpack (4.2.6) lib/abstract_controller/base.rb:132:in `process'
  actionview (4.2.6) lib/action_view/rendering.rb:30:in `process'
  actionpack (4.2.6) lib/action_controller/metal.rb:196:in `dispatch'
  actionpack (4.2.6) lib/action_controller/metal/rack_delegation.rb:13:in `dispatch'
  actionpack (4.2.6) lib/action_controller/metal.rb:237:in `block in action'
  actionpack (4.2.6) lib/action_dispatch/routing/route_set.rb:74:in `call'
  actionpack (4.2.6) lib/action_dispatch/routing/route_set.rb:74:in `dispatch'
  actionpack (4.2.6) lib/action_dispatch/routing/route_set.rb:43:in `serve'
  actionpack (4.2.6) lib/action_dispatch/journey/router.rb:43:in `block in serve'
  actionpack (4.2.6) lib/action_dispatch/journey/router.rb:30:in `each'
  actionpack (4.2.6) lib/action_dispatch/journey/router.rb:30:in `serve'
  actionpack (4.2.6) lib/action_dispatch/routing/route_set.rb:817:in `call'
  rack (1.6.4) lib/rack/etag.rb:24:in `call'
  rack (1.6.4) lib/rack/conditionalget.rb:38:in `call'
  rack (1.6.4) lib/rack/head.rb:13:in `call'
  actionpack (4.2.6) lib/action_dispatch/middleware/params_parser.rb:27:in `call'
  actionpack (4.2.6) lib/action_dispatch/middleware/flash.rb:260:in `call'
  rack (1.6.4) lib/rack/session/abstract/id.rb:225:in `context'
  rack (1.6.4) lib/rack/session/abstract/id.rb:220:in `call'
  actionpack (4.2.6) lib/action_dispatch/middleware/cookies.rb:560:in `call'
  activerecord (4.2.6) lib/active_record/query_cache.rb:36:in `call'
  activerecord (4.2.6) lib/active_record/connection_adapters/abstract/connection_pool.rb:653:in `call'
  activerecord (4.2.6) lib/active_record/migration.rb:377:in `call'
  actionpack (4.2.6) lib/action_dispatch/middleware/callbacks.rb:29:in `block in call'
  activesupport (4.2.6) lib/active_support/callbacks.rb:88:in `__run_callbacks__'
  activesupport (4.2.6) lib/active_support/callbacks.rb:778:in `_run_call_callbacks'
  activesupport (4.2.6) lib/active_support/callbacks.rb:81:in `run_callbacks'
  actionpack (4.2.6) lib/action_dispatch/middleware/callbacks.rb:27:in `call'
  actionpack (4.2.6) lib/action_dispatch/middleware/reloader.rb:73:in `call'
  actionpack (4.2.6) lib/action_dispatch/middleware/remote_ip.rb:78:in `call'
  actionpack (4.2.6) lib/action_dispatch/middleware/debug_exceptions.rb:17:in `call'
  web-console (2.3.0) lib/web_console/middleware.rb:28:in `block in call'
  web-console (2.3.0) lib/web_console/middleware.rb:18:in `catch'
  web-console (2.3.0) lib/web_console/middleware.rb:18:in `call'
  actionpack (4.2.6) lib/action_dispatch/middleware/show_exceptions.rb:30:in `call'
  railties (4.2.6) lib/rails/rack/logger.rb:38:in `call_app'
  railties (4.2.6) lib/rails/rack/logger.rb:20:in `block in call'
  activesupport (4.2.6) lib/active_support/tagged_logging.rb:68:in `block in tagged'
  activesupport (4.2.6) lib/active_support/tagged_logging.rb:26:in `tagged'
  activesupport (4.2.6) lib/active_support/tagged_logging.rb:68:in `tagged'
  railties (4.2.6) lib/rails/rack/logger.rb:20:in `call'
  actionpack (4.2.6) lib/action_dispatch/middleware/request_id.rb:21:in `call'
  rack (1.6.4) lib/rack/methodoverride.rb:22:in `call'
  rack (1.6.4) lib/rack/runtime.rb:18:in `call'
  activesupport (4.2.6) lib/active_support/cache/strategy/local_cache_middleware.rb:28:in `call'
  rack (1.6.4) lib/rack/lock.rb:17:in `call'
  actionpack (4.2.6) lib/action_dispatch/middleware/static.rb:120:in `call'
  rack (1.6.4) lib/rack/sendfile.rb:113:in `call'
  railties (4.2.6) lib/rails/engine.rb:518:in `call'
  railties (4.2.6) lib/rails/application.rb:165:in `call'
  rack (1.6.4) lib/rack/lock.rb:17:in `call'
  rack (1.6.4) lib/rack/content_length.rb:15:in `call'
  rack (1.6.4) lib/rack/handler/webrick.rb:88:in `service'
  /home/brahian/.rvm/rubies/ruby-2.2.0/lib/ruby/2.2.0/webrick/httpserver.rb:138:in `service'
  /home/brahian/.rvm/rubies/ruby-2.2.0/lib/ruby/2.2.0/webrick/httpserver.rb:94:in `run'
  /home/brahian/.rvm/rubies/ruby-2.2.0/lib/ruby/2.2.0/webrick/server.rb:294:in `block in start_thread'




Started POST "/contacts" for 127.0.0.1 at 2016-07-05 11:24:12 -0500
  [1m[36mActiveRecord::SchemaMigration Load (0.1ms)[0m  [1mSELECT `schema_migrations`.* FROM `schema_migrations`[0m
Processing by ContactsController#create as API_JSON
  Parameters: {"data"=>{"type"=>"contacts", "attributes"=>{"name-first"=>"John", "name-last"=>"Doe", "email"=>"john.doe@boring.test"}}}
Can't verify CSRF token authenticity
  [1m[35m (0.1ms)[0m  BEGIN
  [1m[36mSQL (0.2ms)[0m  [1mINSERT INTO `contacts` (`name_first`, `name_last`, `email`, `created_at`, `updated_at`) VALUES ('John', 'Doe', 'john.doe@boring.test', '2016-07-05 16:24:12', '2016-07-05 16:24:12')[0m
  [1m[35m (42.8ms)[0m  COMMIT
Completed 201 Created in 51ms (Views: 0.3ms | ActiveRecord: 43.8ms)


Started GET "/contacts" for 127.0.0.1 at 2016-07-05 11:25:44 -0500
Processing by ContactsController#index as HTML
  [1m[36mContact Load (0.2ms)[0m  [1mSELECT `contacts`.* FROM `contacts`  ORDER BY `contacts`.`id` ASC[0m
Completed 200 OK in 3ms (Views: 0.3ms | ActiveRecord: 0.2ms)


Started GET "/contacts/1" for 127.0.0.1 at 2016-07-05 11:25:52 -0500
Processing by ContactsController#show as HTML
  Parameters: {"id"=>"1"}
  [1m[35mContact Load (0.4ms)[0m  SELECT  `contacts`.* FROM `contacts` WHERE `contacts`.`id` = 1  ORDER BY `contacts`.`id` ASC LIMIT 1
Completed 200 OK in 7ms (Views: 0.6ms | ActiveRecord: 0.4ms)


Started GET "/contacts/1" for 127.0.0.1 at 2016-07-05 11:25:57 -0500
Processing by ContactsController#show as HTML
  Parameters: {"id"=>"1"}
  [1m[36mContact Load (0.1ms)[0m  [1mSELECT  `contacts`.* FROM `contacts` WHERE `contacts`.`id` = 1  ORDER BY `contacts`.`id` ASC LIMIT 1[0m
Completed 200 OK in 2ms (Views: 0.3ms | ActiveRecord: 0.1ms)


Started GET "/contacts/1/relationships/phone-numbers" for 127.0.0.1 at 2016-07-05 11:26:20 -0500
Processing by ContactsController#show_relationship as HTML
  Parameters: {"relationship"=>"phone_numbers", "contact_id"=>"1"}
  [1m[35mContact Load (0.1ms)[0m  SELECT  `contacts`.* FROM `contacts` WHERE `contacts`.`id` = 1  ORDER BY `contacts`.`id` ASC LIMIT 1
  [1m[36mPhoneNumber Load (0.3ms)[0m  [1mSELECT `phone_numbers`.* FROM `phone_numbers` WHERE `phone_numbers`.`contact_id` = 1[0m
Completed 200 OK in 44ms (Views: 0.2ms | ActiveRecord: 0.6ms)


Started GET "/contacts/1/phone-numbers" for 127.0.0.1 at 2016-07-05 11:26:21 -0500
Processing by PhoneNumbersController#get_related_resources as HTML
  Parameters: {"relationship"=>"phone_numbers", "source"=>"contacts", "contact_id"=>"1"}
  [1m[35mContact Load (0.1ms)[0m  SELECT  `contacts`.* FROM `contacts` WHERE `contacts`.`id` = 1  ORDER BY `contacts`.`id` ASC LIMIT 1
  [1m[36mPhoneNumber Load (0.3ms)[0m  [1mSELECT `phone_numbers`.* FROM `phone_numbers` WHERE `phone_numbers`.`contact_id` = 1  ORDER BY `phone_numbers`.`id` ASC[0m
Completed 200 OK in 4ms (Views: 0.2ms | ActiveRecord: 0.5ms)


Started GET "/contacts/1/phone-numbers" for 127.0.0.1 at 2016-07-05 11:26:33 -0500
Processing by PhoneNumbersController#get_related_resources as HTML
  Parameters: {"relationship"=>"phone_numbers", "source"=>"contacts", "contact_id"=>"1"}
  [1m[35mContact Load (0.1ms)[0m  SELECT  `contacts`.* FROM `contacts` WHERE `contacts`.`id` = 1  ORDER BY `contacts`.`id` ASC LIMIT 1
  [1m[36mPhoneNumber Load (0.1ms)[0m  [1mSELECT `phone_numbers`.* FROM `phone_numbers` WHERE `phone_numbers`.`contact_id` = 1  ORDER BY `phone_numbers`.`id` ASC[0m
Completed 200 OK in 4ms (Views: 0.2ms | ActiveRecord: 0.2ms)


Started GET "/contacts" for 127.0.0.1 at 2016-07-05 11:27:52 -0500
Processing by ContactsController#index as HTML
  [1m[35mContact Load (0.2ms)[0m  SELECT `contacts`.* FROM `contacts`  ORDER BY `contacts`.`id` ASC
Completed 200 OK in 3ms (Views: 0.3ms | ActiveRecord: 0.2ms)


Started GET "/contacts/1/relationships/phone-numbers" for 127.0.0.1 at 2016-07-05 11:27:54 -0500
Processing by ContactsController#show_relationship as HTML
  Parameters: {"relationship"=>"phone_numbers", "contact_id"=>"1"}
  [1m[36mContact Load (0.1ms)[0m  [1mSELECT  `contacts`.* FROM `contacts` WHERE `contacts`.`id` = 1  ORDER BY `contacts`.`id` ASC LIMIT 1[0m
  [1m[35mPhoneNumber Load (0.3ms)[0m  SELECT `phone_numbers`.* FROM `phone_numbers` WHERE `phone_numbers`.`contact_id` = 1
Completed 200 OK in 12ms (Views: 0.3ms | ActiveRecord: 0.5ms)


Started GET "/contacts/1/relationships/phone-numbers" for 127.0.0.1 at 2016-07-05 11:27:59 -0500
Processing by ContactsController#show_relationship as HTML
  Parameters: {"relationship"=>"phone_numbers", "contact_id"=>"1"}
  [1m[36mContact Load (0.2ms)[0m  [1mSELECT  `contacts`.* FROM `contacts` WHERE `contacts`.`id` = 1  ORDER BY `contacts`.`id` ASC LIMIT 1[0m
  [1m[35mPhoneNumber Load (0.1ms)[0m  SELECT `phone_numbers`.* FROM `phone_numbers` WHERE `phone_numbers`.`contact_id` = 1
Completed 200 OK in 3ms (Views: 0.2ms | ActiveRecord: 0.3ms)


Started GET "/contacts/1/phone-numbers" for 127.0.0.1 at 2016-07-05 11:28:00 -0500
Processing by PhoneNumbersController#get_related_resources as HTML
  Parameters: {"relationship"=>"phone_numbers", "source"=>"contacts", "contact_id"=>"1"}
  [1m[36mContact Load (0.2ms)[0m  [1mSELECT  `contacts`.* FROM `contacts` WHERE `contacts`.`id` = 1  ORDER BY `contacts`.`id` ASC LIMIT 1[0m
  [1m[35mPhoneNumber Load (0.3ms)[0m  SELECT `phone_numbers`.* FROM `phone_numbers` WHERE `phone_numbers`.`contact_id` = 1  ORDER BY `phone_numbers`.`id` ASC
Completed 200 OK in 3ms (Views: 0.2ms | ActiveRecord: 0.4ms)


Started GET "/phone-numbers/1" for 127.0.0.1 at 2016-07-05 11:28:05 -0500
Processing by PhoneNumbersController#show as HTML
  Parameters: {"id"=>"1"}
  [1m[36mPhoneNumber Load (0.4ms)[0m  [1mSELECT  `phone_numbers`.* FROM `phone_numbers` WHERE `phone_numbers`.`id` = 1  ORDER BY `phone_numbers`.`id` ASC LIMIT 1[0m
Completed 200 OK in 3ms (Views: 0.2ms | ActiveRecord: 0.4ms)


Started GET "/phone-numbers/1" for 127.0.0.1 at 2016-07-05 11:28:06 -0500
Processing by PhoneNumbersController#show as HTML
  Parameters: {"id"=>"1"}
  [1m[35mPhoneNumber Load (0.4ms)[0m  SELECT  `phone_numbers`.* FROM `phone_numbers` WHERE `phone_numbers`.`id` = 1  ORDER BY `phone_numbers`.`id` ASC LIMIT 1
Completed 200 OK in 5ms (Views: 0.9ms | ActiveRecord: 0.4ms)


Started GET "/phone-numbers/1" for 127.0.0.1 at 2016-07-05 11:28:07 -0500
Processing by PhoneNumbersController#show as HTML
  Parameters: {"id"=>"1"}
  [1m[36mPhoneNumber Load (0.2ms)[0m  [1mSELECT  `phone_numbers`.* FROM `phone_numbers` WHERE `phone_numbers`.`id` = 1  ORDER BY `phone_numbers`.`id` ASC LIMIT 1[0m
Completed 200 OK in 3ms (Views: 0.3ms | ActiveRecord: 0.2ms)


Started GET "/contacts/1/relationships/phone-numbers" for 127.0.0.1 at 2016-07-05 11:28:11 -0500
Processing by ContactsController#show_relationship as HTML
  Parameters: {"relationship"=>"phone_numbers", "contact_id"=>"1"}
  [1m[35mContact Load (0.1ms)[0m  SELECT  `contacts`.* FROM `contacts` WHERE `contacts`.`id` = 1  ORDER BY `contacts`.`id` ASC LIMIT 1
  [1m[36mPhoneNumber Load (0.1ms)[0m  [1mSELECT `phone_numbers`.* FROM `phone_numbers` WHERE `phone_numbers`.`contact_id` = 1[0m
Completed 200 OK in 4ms (Views: 0.4ms | ActiveRecord: 0.2ms)


Started GET "/contacts/1/phone-numbers" for 127.0.0.1 at 2016-07-05 11:28:12 -0500
Processing by PhoneNumbersController#get_related_resources as HTML
  Parameters: {"relationship"=>"phone_numbers", "source"=>"contacts", "contact_id"=>"1"}
  [1m[35mContact Load (0.1ms)[0m  SELECT  `contacts`.* FROM `contacts` WHERE `contacts`.`id` = 1  ORDER BY `contacts`.`id` ASC LIMIT 1
  [1m[36mPhoneNumber Load (0.1ms)[0m  [1mSELECT `phone_numbers`.* FROM `phone_numbers` WHERE `phone_numbers`.`contact_id` = 1  ORDER BY `phone_numbers`.`id` ASC[0m
Completed 200 OK in 5ms (Views: 0.3ms | ActiveRecord: 0.2ms)


Started GET "/phone-numbers/1" for 127.0.0.1 at 2016-07-05 11:28:14 -0500
Processing by PhoneNumbersController#show as HTML
  Parameters: {"id"=>"1"}
  [1m[35mPhoneNumber Load (0.1ms)[0m  SELECT  `phone_numbers`.* FROM `phone_numbers` WHERE `phone_numbers`.`id` = 1  ORDER BY `phone_numbers`.`id` ASC LIMIT 1
Completed 200 OK in 3ms (Views: 0.6ms | ActiveRecord: 0.1ms)


Started GET "/phone-numbers/1" for 127.0.0.1 at 2016-07-05 11:28:17 -0500
Processing by PhoneNumbersController#show as HTML
  Parameters: {"id"=>"1"}
  [1m[36mPhoneNumber Load (0.1ms)[0m  [1mSELECT  `phone_numbers`.* FROM `phone_numbers` WHERE `phone_numbers`.`id` = 1  ORDER BY `phone_numbers`.`id` ASC LIMIT 1[0m
Completed 200 OK in 3ms (Views: 0.4ms | ActiveRecord: 0.1ms)


Started GET "/phone-numbers/1/relationships/contact" for 127.0.0.1 at 2016-07-05 11:28:25 -0500
Processing by PhoneNumbersController#show_relationship as HTML
  Parameters: {"relationship"=>"contact", "phone_number_id"=>"1"}
  [1m[35mPhoneNumber Load (0.5ms)[0m  SELECT  `phone_numbers`.* FROM `phone_numbers` WHERE `phone_numbers`.`id` = 1  ORDER BY `phone_numbers`.`id` ASC LIMIT 1
Completed 200 OK in 3ms (Views: 0.4ms | ActiveRecord: 0.5ms)


Started GET "/phone-numbers/1/contact" for 127.0.0.1 at 2016-07-05 11:28:28 -0500
Processing by ContactsController#get_related_resource as HTML
  Parameters: {"relationship"=>"contact", "source"=>"phone_numbers", "phone_number_id"=>"1"}
  [1m[36mPhoneNumber Load (0.1ms)[0m  [1mSELECT  `phone_numbers`.* FROM `phone_numbers` WHERE `phone_numbers`.`id` = 1  ORDER BY `phone_numbers`.`id` ASC LIMIT 1[0m
  [1m[35mContact Load (0.2ms)[0m  SELECT  `contacts`.* FROM `contacts` WHERE `contacts`.`id` = 1 LIMIT 1
Completed 200 OK in 5ms (Views: 0.2ms | ActiveRecord: 0.3ms)


Started GET "/contacts" for 127.0.0.1 at 2016-07-05 11:28:47 -0500
Processing by ContactsController#index as HTML
  [1m[36mContact Load (0.1ms)[0m  [1mSELECT `contacts`.* FROM `contacts`  ORDER BY `contacts`.`id` ASC[0m
Completed 200 OK in 2ms (Views: 0.2ms | ActiveRecord: 0.1ms)


Started POST "/phone-numbers" for 127.0.0.1 at 2016-07-05 11:30:32 -0500
Processing by PhoneNumbersController#create as API_JSON
  Parameters: {"data"=>{"type"=>"phone-numbers", "relationships"=>{"contact"=>{"data"=>{"type"=>"contacts", "id"=>"1"}}}, "attributes"=>{"name"=>"home", "phone-number"=>"(603) 555-1212"}}}
Can't verify CSRF token authenticity
  [1m[35m (0.2ms)[0m  BEGIN
  [1m[36mSQL (0.4ms)[0m  [1mINSERT INTO `phone_numbers` (`name`, `phone_number`, `contact_id`, `created_at`, `updated_at`) VALUES ('home', '(603) 555-1212', 1, '2016-07-05 16:30:32', '2016-07-05 16:30:32')[0m
  [1m[35m (49.8ms)[0m  COMMIT
Completed 201 Created in 60ms (Views: 1.2ms | ActiveRecord: 50.4ms)


Started GET "/contacts" for 127.0.0.1 at 2016-07-05 11:30:56 -0500
Processing by ContactsController#index as HTML
  [1m[36mContact Load (0.2ms)[0m  [1mSELECT `contacts`.* FROM `contacts`  ORDER BY `contacts`.`id` ASC[0m
Completed 200 OK in 3ms (Views: 0.4ms | ActiveRecord: 0.2ms)


Started GET "/contacts/1/relationships/phone-numbers" for 127.0.0.1 at 2016-07-05 11:31:02 -0500
Processing by ContactsController#show_relationship as HTML
  Parameters: {"relationship"=>"phone_numbers", "contact_id"=>"1"}
  [1m[35mContact Load (0.2ms)[0m  SELECT  `contacts`.* FROM `contacts` WHERE `contacts`.`id` = 1  ORDER BY `contacts`.`id` ASC LIMIT 1
  [1m[36mPhoneNumber Load (0.3ms)[0m  [1mSELECT `phone_numbers`.* FROM `phone_numbers` WHERE `phone_numbers`.`contact_id` = 1[0m
Completed 200 OK in 5ms (Views: 0.4ms | ActiveRecord: 0.4ms)


Started GET "/contacts/1/phone-numbers" for 127.0.0.1 at 2016-07-05 11:31:05 -0500
Processing by PhoneNumbersController#get_related_resources as HTML
  Parameters: {"relationship"=>"phone_numbers", "source"=>"contacts", "contact_id"=>"1"}
  [1m[35mContact Load (0.1ms)[0m  SELECT  `contacts`.* FROM `contacts` WHERE `contacts`.`id` = 1  ORDER BY `contacts`.`id` ASC LIMIT 1
  [1m[36mPhoneNumber Load (0.3ms)[0m  [1mSELECT `phone_numbers`.* FROM `phone_numbers` WHERE `phone_numbers`.`contact_id` = 1  ORDER BY `phone_numbers`.`id` ASC[0m
Completed 200 OK in 4ms (Views: 0.6ms | ActiveRecord: 0.4ms)


Started GET "/phone-numbers/1" for 127.0.0.1 at 2016-07-05 11:31:16 -0500
Processing by PhoneNumbersController#show as HTML
  Parameters: {"id"=>"1"}
  [1m[35mPhoneNumber Load (0.4ms)[0m  SELECT  `phone_numbers`.* FROM `phone_numbers` WHERE `phone_numbers`.`id` = 1  ORDER BY `phone_numbers`.`id` ASC LIMIT 1
Completed 200 OK in 3ms (Views: 0.4ms | ActiveRecord: 0.4ms)


Started GET "/phone-numbers/2" for 127.0.0.1 at 2016-07-05 11:31:18 -0500
Processing by PhoneNumbersController#show as HTML
  Parameters: {"id"=>"2"}
  [1m[36mPhoneNumber Load (0.3ms)[0m  [1mSELECT  `phone_numbers`.* FROM `phone_numbers` WHERE `phone_numbers`.`id` = 2  ORDER BY `phone_numbers`.`id` ASC LIMIT 1[0m
Completed 200 OK in 4ms (Views: 0.7ms | ActiveRecord: 0.3ms)


Started GET "/phone-numbers/2/contact" for 127.0.0.1 at 2016-07-05 11:31:36 -0500
Processing by ContactsController#get_related_resource as HTML
  Parameters: {"relationship"=>"contact", "source"=>"phone_numbers", "phone_number_id"=>"2"}
  [1m[35mPhoneNumber Load (0.2ms)[0m  SELECT  `phone_numbers`.* FROM `phone_numbers` WHERE `phone_numbers`.`id` = 2  ORDER BY `phone_numbers`.`id` ASC LIMIT 1
  [1m[36mContact Load (0.1ms)[0m  [1mSELECT  `contacts`.* FROM `contacts` WHERE `contacts`.`id` = 1 LIMIT 1[0m
Completed 200 OK in 6ms (Views: 0.8ms | ActiveRecord: 0.3ms)


Started GET "/contacts/1/relationships/phone-numbers" for 127.0.0.1 at 2016-07-05 11:35:48 -0500
Processing by ContactsController#show_relationship as HTML
  Parameters: {"relationship"=>"phone_numbers", "contact_id"=>"1"}
  [1m[35mContact Load (0.1ms)[0m  SELECT  `contacts`.* FROM `contacts` WHERE `contacts`.`id` = 1  ORDER BY `contacts`.`id` ASC LIMIT 1
  [1m[36mPhoneNumber Load (0.2ms)[0m  [1mSELECT `phone_numbers`.* FROM `phone_numbers` WHERE `phone_numbers`.`contact_id` = 1[0m
Completed 200 OK in 5ms (Views: 0.2ms | ActiveRecord: 0.3ms)


Started GET "/contacts/1/relationships/phone-numbers" for 127.0.0.1 at 2016-07-05 11:36:44 -0500
Processing by ContactsController#show_relationship as HTML
  Parameters: {"relationship"=>"phone_numbers", "contact_id"=>"1"}
  [1m[35mContact Load (0.1ms)[0m  SELECT  `contacts`.* FROM `contacts` WHERE `contacts`.`id` = 1  ORDER BY `contacts`.`id` ASC LIMIT 1
  [1m[36mPhoneNumber Load (0.1ms)[0m  [1mSELECT `phone_numbers`.* FROM `phone_numbers` WHERE `phone_numbers`.`contact_id` = 1[0m
Completed 200 OK in 4ms (Views: 0.3ms | ActiveRecord: 0.3ms)


Started GET "/contacts/1/phone-numbers" for 127.0.0.1 at 2016-07-05 11:36:46 -0500
Processing by PhoneNumbersController#get_related_resources as HTML
  Parameters: {"relationship"=>"phone_numbers", "source"=>"contacts", "contact_id"=>"1"}
  [1m[35mContact Load (0.1ms)[0m  SELECT  `contacts`.* FROM `contacts` WHERE `contacts`.`id` = 1  ORDER BY `contacts`.`id` ASC LIMIT 1
  [1m[36mPhoneNumber Load (0.1ms)[0m  [1mSELECT `phone_numbers`.* FROM `phone_numbers` WHERE `phone_numbers`.`contact_id` = 1  ORDER BY `phone_numbers`.`id` ASC[0m
Completed 200 OK in 3ms (Views: 0.4ms | ActiveRecord: 0.2ms)


Started GET "/phone-numbers/1/contact" for 127.0.0.1 at 2016-07-05 11:36:57 -0500
Processing by ContactsController#get_related_resource as HTML
  Parameters: {"relationship"=>"contact", "source"=>"phone_numbers", "phone_number_id"=>"1"}
  [1m[35mPhoneNumber Load (0.3ms)[0m  SELECT  `phone_numbers`.* FROM `phone_numbers` WHERE `phone_numbers`.`id` = 1  ORDER BY `phone_numbers`.`id` ASC LIMIT 1
  [1m[36mContact Load (0.3ms)[0m  [1mSELECT  `contacts`.* FROM `contacts` WHERE `contacts`.`id` = 1 LIMIT 1[0m
Completed 200 OK in 11ms (Views: 0.7ms | ActiveRecord: 0.7ms)


Started GET "/contacts/1" for 127.0.0.1 at 2016-07-05 11:37:02 -0500
Processing by ContactsController#show as HTML
  Parameters: {"id"=>"1"}
  [1m[35mContact Load (0.1ms)[0m  SELECT  `contacts`.* FROM `contacts` WHERE `contacts`.`id` = 1  ORDER BY `contacts`.`id` ASC LIMIT 1
Completed 200 OK in 2ms (Views: 0.4ms | ActiveRecord: 0.1ms)


Started GET "/contacts/1" for 127.0.0.1 at 2016-07-05 11:37:03 -0500
Processing by ContactsController#show as HTML
  Parameters: {"id"=>"1"}
  [1m[36mContact Load (0.1ms)[0m  [1mSELECT  `contacts`.* FROM `contacts` WHERE `contacts`.`id` = 1  ORDER BY `contacts`.`id` ASC LIMIT 1[0m
Completed 200 OK in 2ms (Views: 0.2ms | ActiveRecord: 0.1ms)


Started GET "/contacts/1" for 127.0.0.1 at 2016-07-05 11:37:03 -0500
Processing by ContactsController#show as HTML
  Parameters: {"id"=>"1"}
  [1m[35mContact Load (0.2ms)[0m  SELECT  `contacts`.* FROM `contacts` WHERE `contacts`.`id` = 1  ORDER BY `contacts`.`id` ASC LIMIT 1
Completed 200 OK in 3ms (Views: 0.3ms | ActiveRecord: 0.2ms)


Started GET "/contacts/1?include=phone-numbers" for 127.0.0.1 at 2016-07-05 11:37:23 -0500
Processing by ContactsController#show as HTML
  Parameters: {"include"=>"phone-numbers", "id"=>"1"}
  [1m[36mContact Load (0.3ms)[0m  [1mSELECT  `contacts`.* FROM `contacts` WHERE `contacts`.`id` = 1  ORDER BY `contacts`.`id` ASC LIMIT 1[0m
  [1m[35mPhoneNumber Load (0.3ms)[0m  SELECT `phone_numbers`.* FROM `phone_numbers` WHERE `phone_numbers`.`contact_id` IN (1)
Completed 200 OK in 113ms (Views: 0.4ms | ActiveRecord: 0.6ms)


Started GET "/contacts/1?include=phone-numbers" for 127.0.0.1 at 2016-07-05 11:37:48 -0500
Processing by ContactsController#show as HTML
  Parameters: {"include"=>"phone-numbers", "id"=>"1"}
  [1m[36mContact Load (0.2ms)[0m  [1mSELECT  `contacts`.* FROM `contacts` WHERE `contacts`.`id` = 1  ORDER BY `contacts`.`id` ASC LIMIT 1[0m
  [1m[35mPhoneNumber Load (0.1ms)[0m  SELECT `phone_numbers`.* FROM `phone_numbers` WHERE `phone_numbers`.`contact_id` IN (1)
Completed 200 OK in 6ms (Views: 0.6ms | ActiveRecord: 0.3ms)


Started GET "/contacts/1" for 127.0.0.1 at 2016-07-05 14:17:29 -0500
Processing by ContactsController#show as HTML
  Parameters: {"id"=>"1"}
  [1m[36mContact Load (0.1ms)[0m  [1mSELECT  `contacts`.* FROM `contacts` WHERE `contacts`.`id` = 1  ORDER BY `contacts`.`id` ASC LIMIT 1[0m
Completed 200 OK in 2ms (Views: 0.2ms | ActiveRecord: 0.1ms)


Started GET "/contacts/" for 127.0.0.1 at 2016-07-05 14:17:33 -0500
Processing by ContactsController#index as HTML
  [1m[35mContact Load (0.1ms)[0m  SELECT `contacts`.* FROM `contacts`  ORDER BY `contacts`.`id` ASC
Completed 200 OK in 2ms (Views: 0.3ms | ActiveRecord: 0.1ms)


Started POST "/contacts" for 127.0.0.1 at 2016-07-05 14:19:01 -0500
Processing by ContactsController#create as API_JSON
  Parameters: {"data"=>{"type"=>"contacts", "attributes"=>{"name-first"=>"Brahian", "name-last"=>"Giraldo", "email"=>"produccion16@softpymes.com.co"}}}
Can't verify CSRF token authenticity
  [1m[36m (0.3ms)[0m  [1mBEGIN[0m
  [1m[35mSQL (0.5ms)[0m  INSERT INTO `contacts` (`name_first`, `name_last`, `email`, `created_at`, `updated_at`) VALUES ('Brahian', 'Giraldo', 'produccion16@softpymes.com.co', '2016-07-05 19:19:01', '2016-07-05 19:19:01')
  [1m[36m (42.9ms)[0m  [1mCOMMIT[0m
Completed 201 Created in 52ms (Views: 0.6ms | ActiveRecord: 43.6ms)


Started GET "/contacts/" for 127.0.0.1 at 2016-07-05 14:19:05 -0500
Processing by ContactsController#index as HTML
  [1m[35mContact Load (0.2ms)[0m  SELECT `contacts`.* FROM `contacts`  ORDER BY `contacts`.`id` ASC
Completed 200 OK in 2ms (Views: 0.4ms | ActiveRecord: 0.2ms)


Started GET "/contacts/" for 127.0.0.1 at 2016-07-05 15:33:56 -0500
Processing by ContactsController#index as HTML
  [1m[36mContact Load (0.1ms)[0m  [1mSELECT `contacts`.* FROM `contacts`  ORDER BY `contacts`.`id` ASC[0m
Completed 200 OK in 2ms (Views: 0.3ms | ActiveRecord: 0.1ms)


Started GET "/contacts/" for 127.0.0.1 at 2016-07-05 15:33:57 -0500
Processing by ContactsController#index as HTML
  [1m[35mContact Load (0.1ms)[0m  SELECT `contacts`.* FROM `contacts`  ORDER BY `contacts`.`id` ASC
Completed 200 OK in 3ms (Views: 0.4ms | ActiveRecord: 0.1ms)


Started GET "/contacts/" for 127.0.0.1 at 2016-07-05 15:33:57 -0500
Processing by ContactsController#index as HTML
  [1m[36mContact Load (0.1ms)[0m  [1mSELECT `contacts`.* FROM `contacts`  ORDER BY `contacts`.`id` ASC[0m
Completed 200 OK in 2ms (Views: 0.3ms | ActiveRecord: 0.1ms)


Started GET "/contacts/" for 127.0.0.1 at 2016-07-05 15:33:57 -0500
Processing by ContactsController#index as HTML
  [1m[35mContact Load (0.2ms)[0m  SELECT `contacts`.* FROM `contacts`  ORDER BY `contacts`.`id` ASC
Completed 200 OK in 3ms (Views: 0.4ms | ActiveRecord: 0.2ms)


Started GET "/contacts/" for 127.0.0.1 at 2016-07-05 15:33:57 -0500
Processing by ContactsController#index as HTML
  [1m[36mContact Load (0.1ms)[0m  [1mSELECT `contacts`.* FROM `contacts`  ORDER BY `contacts`.`id` ASC[0m
Completed 200 OK in 2ms (Views: 0.2ms | ActiveRecord: 0.1ms)


Started GET "/contacts/2/relationships/phone-numbers" for 127.0.0.1 at 2016-07-05 15:34:00 -0500
Processing by ContactsController#show_relationship as HTML
  Parameters: {"relationship"=>"phone_numbers", "contact_id"=>"2"}
  [1m[35mContact Load (0.3ms)[0m  SELECT  `contacts`.* FROM `contacts` WHERE `contacts`.`id` = 2  ORDER BY `contacts`.`id` ASC LIMIT 1
  [1m[36mPhoneNumber Load (0.2ms)[0m  [1mSELECT `phone_numbers`.* FROM `phone_numbers` WHERE `phone_numbers`.`contact_id` = 2[0m
Completed 200 OK in 3ms (Views: 0.2ms | ActiveRecord: 0.4ms)


Started GET "/contacts/2/phone-numbers" for 127.0.0.1 at 2016-07-05 15:34:04 -0500
Processing by PhoneNumbersController#get_related_resources as HTML
  Parameters: {"relationship"=>"phone_numbers", "source"=>"contacts", "contact_id"=>"2"}
  [1m[35mContact Load (0.1ms)[0m  SELECT  `contacts`.* FROM `contacts` WHERE `contacts`.`id` = 2  ORDER BY `contacts`.`id` ASC LIMIT 1
  [1m[36mPhoneNumber Load (0.2ms)[0m  [1mSELECT `phone_numbers`.* FROM `phone_numbers` WHERE `phone_numbers`.`contact_id` = 2  ORDER BY `phone_numbers`.`id` ASC[0m
Completed 200 OK in 2ms (Views: 0.1ms | ActiveRecord: 0.3ms)


Started GET "/contacts/2" for 127.0.0.1 at 2016-07-05 15:41:21 -0500
Processing by ContactsController#show as HTML
  Parameters: {"id"=>"2"}
  [1m[35mContact Load (0.2ms)[0m  SELECT  `contacts`.* FROM `contacts` WHERE `contacts`.`id` = 2  ORDER BY `contacts`.`id` ASC LIMIT 1
Completed 200 OK in 5ms (Views: 0.5ms | ActiveRecord: 0.2ms)


Started GET "/contacts/?include=phone-numbers" for 127.0.0.1 at 2016-07-05 17:30:43 -0500
Processing by ContactsController#index as HTML
  Parameters: {"include"=>"phone-numbers"}
  [1m[36mContact Load (0.2ms)[0m  [1mSELECT `contacts`.* FROM `contacts`  ORDER BY `contacts`.`id` ASC[0m
  [1m[35mPhoneNumber Load (0.4ms)[0m  SELECT `phone_numbers`.* FROM `phone_numbers` WHERE `phone_numbers`.`contact_id` IN (1, 2)
Completed 200 OK in 12ms (Views: 1.2ms | ActiveRecord: 0.6ms)


Started GET "/contacts/" for 127.0.0.1 at 2016-07-05 17:31:25 -0500
Processing by ContactsController#index as HTML
  [1m[36mContact Load (0.1ms)[0m  [1mSELECT `contacts`.* FROM `contacts`  ORDER BY `contacts`.`id` ASC[0m
Completed 200 OK in 3ms (Views: 0.5ms | ActiveRecord: 0.1ms)


Started GET "/" for 127.0.0.1 at 2016-07-06 08:04:18 -0500
  [1m[36mActiveRecord::SchemaMigration Load (0.2ms)[0m  [1mSELECT `schema_migrations`.* FROM `schema_migrations`[0m
Processing by Rails::WelcomeController#index as HTML
  Rendered /home/brahian/.rvm/gems/ruby-2.2.0/gems/railties-4.2.6/lib/rails/templates/rails/welcome/index.html.erb (0.5ms)
Completed 200 OK in 4ms (Views: 4.2ms | ActiveRecord: 0.0ms)


Started GET "/contacts/" for 127.0.0.1 at 2016-07-06 08:04:26 -0500
Processing by ContactsController#index as HTML
  [1m[35mContact Load (0.3ms)[0m  SELECT `contacts`.* FROM `contacts`  ORDER BY `contacts`.`id` ASC
Completed 200 OK in 28ms (Views: 0.6ms | ActiveRecord: 3.5ms)


Started GET "/contacts/1" for 127.0.0.1 at 2016-07-06 08:04:52 -0500
Processing by ContactsController#show as HTML
  Parameters: {"id"=>"1"}
  [1m[36mContact Load (0.5ms)[0m  [1mSELECT  `contacts`.* FROM `contacts` WHERE `contacts`.`id` = 1  ORDER BY `contacts`.`id` ASC LIMIT 1[0m
Completed 200 OK in 6ms (Views: 0.4ms | ActiveRecord: 0.5ms)


Started GET "/contacts/1/relationships/phone-numbers" for 127.0.0.1 at 2016-07-06 08:04:58 -0500
Processing by ContactsController#show_relationship as HTML
  Parameters: {"relationship"=>"phone_numbers", "contact_id"=>"1"}
  [1m[35mContact Load (0.2ms)[0m  SELECT  `contacts`.* FROM `contacts` WHERE `contacts`.`id` = 1  ORDER BY `contacts`.`id` ASC LIMIT 1
  [1m[36mPhoneNumber Load (0.1ms)[0m  [1mSELECT `phone_numbers`.* FROM `phone_numbers` WHERE `phone_numbers`.`contact_id` = 1[0m
Completed 200 OK in 65ms (Views: 0.2ms | ActiveRecord: 0.8ms)


Started GET "/contacts/1/relationships/phone-numbers" for 127.0.0.1 at 2016-07-06 08:05:00 -0500
Processing by ContactsController#show_relationship as HTML
  Parameters: {"relationship"=>"phone_numbers", "contact_id"=>"1"}
  [1m[35mContact Load (0.1ms)[0m  SELECT  `contacts`.* FROM `contacts` WHERE `contacts`.`id` = 1  ORDER BY `contacts`.`id` ASC LIMIT 1
  [1m[36mPhoneNumber Load (0.1ms)[0m  [1mSELECT `phone_numbers`.* FROM `phone_numbers` WHERE `phone_numbers`.`contact_id` = 1[0m
Completed 200 OK in 5ms (Views: 0.4ms | ActiveRecord: 0.3ms)


Started GET "/contacts/1/phone-numbers" for 127.0.0.1 at 2016-07-06 08:05:01 -0500
Processing by PhoneNumbersController#get_related_resources as HTML
  Parameters: {"relationship"=>"phone_numbers", "source"=>"contacts", "contact_id"=>"1"}
  [1m[35mContact Load (0.1ms)[0m  SELECT  `contacts`.* FROM `contacts` WHERE `contacts`.`id` = 1  ORDER BY `contacts`.`id` ASC LIMIT 1
  [1m[36mPhoneNumber Load (0.3ms)[0m  [1mSELECT `phone_numbers`.* FROM `phone_numbers` WHERE `phone_numbers`.`contact_id` = 1  ORDER BY `phone_numbers`.`id` ASC[0m
Completed 200 OK in 3ms (Views: 0.3ms | ActiveRecord: 0.4ms)


Started GET "/phone-numbers/2/contact" for 127.0.0.1 at 2016-07-06 08:05:09 -0500
Processing by ContactsController#get_related_resource as HTML
  Parameters: {"relationship"=>"contact", "source"=>"phone_numbers", "phone_number_id"=>"2"}
  [1m[35mPhoneNumber Load (0.3ms)[0m  SELECT  `phone_numbers`.* FROM `phone_numbers` WHERE `phone_numbers`.`id` = 2  ORDER BY `phone_numbers`.`id` ASC LIMIT 1
  [1m[36mContact Load (0.3ms)[0m  [1mSELECT  `contacts`.* FROM `contacts` WHERE `contacts`.`id` = 1 LIMIT 1[0m
Completed 200 OK in 6ms (Views: 0.4ms | ActiveRecord: 0.5ms)


Started GET "/contacts/1" for 127.0.0.1 at 2016-07-06 08:05:12 -0500
Processing by ContactsController#show as HTML
  Parameters: {"id"=>"1"}
  [1m[35mContact Load (0.3ms)[0m  SELECT  `contacts`.* FROM `contacts` WHERE `contacts`.`id` = 1  ORDER BY `contacts`.`id` ASC LIMIT 1
Completed 200 OK in 8ms (Views: 0.8ms | ActiveRecord: 0.3ms)


Started GET "/contacts" for 127.0.0.1 at 2016-07-06 08:05:20 -0500
Processing by ContactsController#index as HTML
  [1m[36mContact Load (0.1ms)[0m  [1mSELECT `contacts`.* FROM `contacts`  ORDER BY `contacts`.`id` ASC[0m
Completed 200 OK in 3ms (Views: 0.4ms | ActiveRecord: 0.1ms)


Started GET "/contacts" for 127.0.0.1 at 2016-07-06 08:54:53 -0500
Processing by ContactsController#index as HTML
  [1m[35mContact Load (0.1ms)[0m  SELECT `contacts`.* FROM `contacts`  ORDER BY `contacts`.`id` ASC
Completed 200 OK in 7ms (Views: 0.3ms | ActiveRecord: 0.7ms)


Started GET "/contacts" for 127.0.0.1 at 2016-07-06 08:54:57 -0500
Processing by ContactsController#index as HTML
  [1m[36mContact Load (0.1ms)[0m  [1mSELECT `contacts`.* FROM `contacts`  ORDER BY `contacts`.`id` ASC[0m
Completed 200 OK in 13ms (Views: 0.3ms | ActiveRecord: 0.6ms)


Started GET "/contacts" for 127.0.0.1 at 2016-07-06 14:51:04 -0500
Processing by ContactsController#index as HTML
  [1m[35mContact Load (0.1ms)[0m  SELECT `contacts`.* FROM `contacts`  ORDER BY `contacts`.`id` ASC
Completed 200 OK in 2ms (Views: 0.4ms | ActiveRecord: 0.1ms)


Started GET "/contacts" for 127.0.0.1 at 2016-07-06 14:51:04 -0500
Processing by ContactsController#index as HTML
  [1m[36mContact Load (0.1ms)[0m  [1mSELECT `contacts`.* FROM `contacts`  ORDER BY `contacts`.`id` ASC[0m
Completed 200 OK in 3ms (Views: 0.4ms | ActiveRecord: 0.1ms)


Started GET "/contacts" for 127.0.0.1 at 2016-07-06 14:51:24 -0500
Processing by ContactsController#index as HTML
  [1m[35mContact Load (0.2ms)[0m  SELECT `contacts`.* FROM `contacts`  ORDER BY `contacts`.`id` ASC
Completed 200 OK in 8ms (Views: 0.2ms | ActiveRecord: 1.1ms)


Started GET "/contacts" for 127.0.0.1 at 2016-07-06 14:51:25 -0500
Processing by ContactsController#index as HTML
  [1m[36mContact Load (0.1ms)[0m  [1mSELECT `contacts`.* FROM `contacts`  ORDER BY `contacts`.`id` ASC[0m
Completed 200 OK in 2ms (Views: 0.2ms | ActiveRecord: 0.1ms)


Started GET "/contacts" for 127.0.0.1 at 2016-07-06 14:51:31 -0500
Processing by ContactsController#index as HTML
  [1m[35mContact Load (0.0ms)[0m  SELECT `contacts`.* FROM `contacts`  ORDER BY `contacts`.`id` ASC
Completed 200 OK in 4ms (Views: 0.3ms | ActiveRecord: 0.5ms)


Started GET "/contacts/1/relationships/phone-numbers" for 127.0.0.1 at 2016-07-06 14:51:47 -0500
Processing by ContactsController#show_relationship as HTML
  Parameters: {"relationship"=>"phone_numbers", "contact_id"=>"1"}
  [1m[36mContact Load (0.1ms)[0m  [1mSELECT  `contacts`.* FROM `contacts` WHERE `contacts`.`id` = 1  ORDER BY `contacts`.`id` ASC LIMIT 1[0m
  [1m[35mPhoneNumber Load (0.2ms)[0m  SELECT `phone_numbers`.* FROM `phone_numbers` WHERE `phone_numbers`.`contact_id` = 1
Completed 200 OK in 11ms (Views: 0.2ms | ActiveRecord: 1.0ms)


Started GET "/contacts/1/phone-numbers" for 127.0.0.1 at 2016-07-06 14:51:57 -0500
Processing by PhoneNumbersController#get_related_resources as HTML
  Parameters: {"relationship"=>"phone_numbers", "source"=>"contacts", "contact_id"=>"1"}
  [1m[36mContact Load (0.2ms)[0m  [1mSELECT  `contacts`.* FROM `contacts` WHERE `contacts`.`id` = 1  ORDER BY `contacts`.`id` ASC LIMIT 1[0m
  [1m[35mPhoneNumber Load (0.3ms)[0m  SELECT `phone_numbers`.* FROM `phone_numbers` WHERE `phone_numbers`.`contact_id` = 1  ORDER BY `phone_numbers`.`id` ASC
Completed 200 OK in 4ms (Views: 0.3ms | ActiveRecord: 0.5ms)


Started GET "/phone-numbers/1/contact" for 127.0.0.1 at 2016-07-06 14:52:07 -0500
Processing by ContactsController#get_related_resource as HTML
  Parameters: {"relationship"=>"contact", "source"=>"phone_numbers", "phone_number_id"=>"1"}
  [1m[36mPhoneNumber Load (0.3ms)[0m  [1mSELECT  `phone_numbers`.* FROM `phone_numbers` WHERE `phone_numbers`.`id` = 1  ORDER BY `phone_numbers`.`id` ASC LIMIT 1[0m
  [1m[35mContact Load (0.2ms)[0m  SELECT  `contacts`.* FROM `contacts` WHERE `contacts`.`id` = 1 LIMIT 1
Completed 200 OK in 8ms (Views: 0.4ms | ActiveRecord: 0.5ms)


Started GET "/contacts/1/relationships/phone-numbers" for 127.0.0.1 at 2016-07-06 14:52:10 -0500
Processing by ContactsController#show_relationship as HTML
  Parameters: {"relationship"=>"phone_numbers", "contact_id"=>"1"}
  [1m[36mContact Load (0.1ms)[0m  [1mSELECT  `contacts`.* FROM `contacts` WHERE `contacts`.`id` = 1  ORDER BY `contacts`.`id` ASC LIMIT 1[0m
  [1m[35mPhoneNumber Load (0.1ms)[0m  SELECT `phone_numbers`.* FROM `phone_numbers` WHERE `phone_numbers`.`contact_id` = 1
Completed 200 OK in 4ms (Views: 0.3ms | ActiveRecord: 0.2ms)


Started GET "/contacts/1/relationships/phone-numbers" for 127.0.0.1 at 2016-07-06 14:52:11 -0500
Processing by ContactsController#show_relationship as HTML
  Parameters: {"relationship"=>"phone_numbers", "contact_id"=>"1"}
  [1m[36mContact Load (0.1ms)[0m  [1mSELECT  `contacts`.* FROM `contacts` WHERE `contacts`.`id` = 1  ORDER BY `contacts`.`id` ASC LIMIT 1[0m
  [1m[35mPhoneNumber Load (0.1ms)[0m  SELECT `phone_numbers`.* FROM `phone_numbers` WHERE `phone_numbers`.`contact_id` = 1
Completed 200 OK in 4ms (Views: 0.3ms | ActiveRecord: 0.2ms)


Started GET "/contacts/1/phone-numbers" for 127.0.0.1 at 2016-07-06 14:52:13 -0500
Processing by PhoneNumbersController#get_related_resources as HTML
  Parameters: {"relationship"=>"phone_numbers", "source"=>"contacts", "contact_id"=>"1"}
  [1m[36mContact Load (0.1ms)[0m  [1mSELECT  `contacts`.* FROM `contacts` WHERE `contacts`.`id` = 1  ORDER BY `contacts`.`id` ASC LIMIT 1[0m
  [1m[35mPhoneNumber Load (0.1ms)[0m  SELECT `phone_numbers`.* FROM `phone_numbers` WHERE `phone_numbers`.`contact_id` = 1  ORDER BY `phone_numbers`.`id` ASC
Completed 200 OK in 3ms (Views: 0.3ms | ActiveRecord: 0.2ms)


Started GET "/phone-numbers/2/contact" for 127.0.0.1 at 2016-07-06 14:52:15 -0500
Processing by ContactsController#get_related_resource as HTML
  Parameters: {"relationship"=>"contact", "source"=>"phone_numbers", "phone_number_id"=>"2"}
  [1m[36mPhoneNumber Load (0.3ms)[0m  [1mSELECT  `phone_numbers`.* FROM `phone_numbers` WHERE `phone_numbers`.`id` = 2  ORDER BY `phone_numbers`.`id` ASC LIMIT 1[0m
  [1m[35mContact Load (0.1ms)[0m  SELECT  `contacts`.* FROM `contacts` WHERE `contacts`.`id` = 1 LIMIT 1
Completed 200 OK in 4ms (Views: 0.3ms | ActiveRecord: 0.4ms)


Started GET "/contacts/1/phone-numbers" for 127.0.0.1 at 2016-07-06 14:52:21 -0500
Processing by PhoneNumbersController#get_related_resources as HTML
  Parameters: {"relationship"=>"phone_numbers", "source"=>"contacts", "contact_id"=>"1"}
  [1m[36mContact Load (0.2ms)[0m  [1mSELECT  `contacts`.* FROM `contacts` WHERE `contacts`.`id` = 1  ORDER BY `contacts`.`id` ASC LIMIT 1[0m
  [1m[35mPhoneNumber Load (0.1ms)[0m  SELECT `phone_numbers`.* FROM `phone_numbers` WHERE `phone_numbers`.`contact_id` = 1  ORDER BY `phone_numbers`.`id` ASC
Completed 200 OK in 7ms (Views: 0.6ms | ActiveRecord: 0.3ms)


Started GET "/phone-numbers/2/relationships/contact" for 127.0.0.1 at 2016-07-06 14:52:23 -0500
Processing by PhoneNumbersController#show_relationship as HTML
  Parameters: {"relationship"=>"contact", "phone_number_id"=>"2"}
  [1m[36mPhoneNumber Load (0.1ms)[0m  [1mSELECT  `phone_numbers`.* FROM `phone_numbers` WHERE `phone_numbers`.`id` = 2  ORDER BY `phone_numbers`.`id` ASC LIMIT 1[0m
Completed 200 OK in 3ms (Views: 0.2ms | ActiveRecord: 0.1ms)


Started GET "/phone-numbers/2/contact" for 127.0.0.1 at 2016-07-06 14:52:26 -0500
Processing by ContactsController#get_related_resource as HTML
  Parameters: {"relationship"=>"contact", "source"=>"phone_numbers", "phone_number_id"=>"2"}
  [1m[35mPhoneNumber Load (0.1ms)[0m  SELECT  `phone_numbers`.* FROM `phone_numbers` WHERE `phone_numbers`.`id` = 2  ORDER BY `phone_numbers`.`id` ASC LIMIT 1
  [1m[36mContact Load (0.1ms)[0m  [1mSELECT  `contacts`.* FROM `contacts` WHERE `contacts`.`id` = 1 LIMIT 1[0m
Completed 200 OK in 3ms (Views: 0.2ms | ActiveRecord: 0.2ms)


Started GET "/contacts" for 127.0.0.1 at 2016-07-06 14:52:31 -0500
Processing by ContactsController#index as HTML
  [1m[35mContact Load (0.1ms)[0m  SELECT `contacts`.* FROM `contacts`  ORDER BY `contacts`.`id` ASC
Completed 200 OK in 4ms (Views: 0.5ms | ActiveRecord: 0.1ms)


Started GET "/contacts/1/relationships/phone-numbers" for 127.0.0.1 at 2016-07-06 14:52:37 -0500
Processing by ContactsController#show_relationship as HTML
  Parameters: {"relationship"=>"phone_numbers", "contact_id"=>"1"}
  [1m[36mContact Load (0.1ms)[0m  [1mSELECT  `contacts`.* FROM `contacts` WHERE `contacts`.`id` = 1  ORDER BY `contacts`.`id` ASC LIMIT 1[0m
  [1m[35mPhoneNumber Load (0.1ms)[0m  SELECT `phone_numbers`.* FROM `phone_numbers` WHERE `phone_numbers`.`contact_id` = 1
Completed 200 OK in 3ms (Views: 0.2ms | ActiveRecord: 0.2ms)


Started GET "/contacts/1/phone-numbers" for 127.0.0.1 at 2016-07-06 14:52:48 -0500
Processing by PhoneNumbersController#get_related_resources as HTML
  Parameters: {"relationship"=>"phone_numbers", "source"=>"contacts", "contact_id"=>"1"}
  [1m[36mContact Load (0.2ms)[0m  [1mSELECT  `contacts`.* FROM `contacts` WHERE `contacts`.`id` = 1  ORDER BY `contacts`.`id` ASC LIMIT 1[0m
  [1m[35mPhoneNumber Load (0.1ms)[0m  SELECT `phone_numbers`.* FROM `phone_numbers` WHERE `phone_numbers`.`contact_id` = 1  ORDER BY `phone_numbers`.`id` ASC
Completed 200 OK in 3ms (Views: 0.3ms | ActiveRecord: 0.3ms)


Started GET "/contacts/1/phone-numbers/1" for 127.0.0.1 at 2016-07-06 14:53:04 -0500

ActionController::RoutingError (No route matches [GET] "/contacts/1/phone-numbers/1"):
  actionpack (4.2.6) lib/action_dispatch/middleware/debug_exceptions.rb:21:in `call'
  web-console (2.3.0) lib/web_console/middleware.rb:28:in `block in call'
  web-console (2.3.0) lib/web_console/middleware.rb:18:in `catch'
  web-console (2.3.0) lib/web_console/middleware.rb:18:in `call'
  actionpack (4.2.6) lib/action_dispatch/middleware/show_exceptions.rb:30:in `call'
  railties (4.2.6) lib/rails/rack/logger.rb:38:in `call_app'
  railties (4.2.6) lib/rails/rack/logger.rb:20:in `block in call'
  activesupport (4.2.6) lib/active_support/tagged_logging.rb:68:in `block in tagged'
  activesupport (4.2.6) lib/active_support/tagged_logging.rb:26:in `tagged'
  activesupport (4.2.6) lib/active_support/tagged_logging.rb:68:in `tagged'
  railties (4.2.6) lib/rails/rack/logger.rb:20:in `call'
  actionpack (4.2.6) lib/action_dispatch/middleware/request_id.rb:21:in `call'
  rack (1.6.4) lib/rack/methodoverride.rb:22:in `call'
  rack (1.6.4) lib/rack/runtime.rb:18:in `call'
  activesupport (4.2.6) lib/active_support/cache/strategy/local_cache_middleware.rb:28:in `call'
  rack (1.6.4) lib/rack/lock.rb:17:in `call'
  actionpack (4.2.6) lib/action_dispatch/middleware/static.rb:120:in `call'
  rack (1.6.4) lib/rack/sendfile.rb:113:in `call'
  railties (4.2.6) lib/rails/engine.rb:518:in `call'
  railties (4.2.6) lib/rails/application.rb:165:in `call'
  rack (1.6.4) lib/rack/lock.rb:17:in `call'
  rack (1.6.4) lib/rack/content_length.rb:15:in `call'
  rack (1.6.4) lib/rack/handler/webrick.rb:88:in `service'
  /home/brahian/.rvm/rubies/ruby-2.2.0/lib/ruby/2.2.0/webrick/httpserver.rb:138:in `service'
  /home/brahian/.rvm/rubies/ruby-2.2.0/lib/ruby/2.2.0/webrick/httpserver.rb:94:in `run'
  /home/brahian/.rvm/rubies/ruby-2.2.0/lib/ruby/2.2.0/webrick/server.rb:294:in `block in start_thread'




Started GET "/contacts/1/phone-numbers" for 127.0.0.1 at 2016-07-06 14:53:07 -0500
Processing by PhoneNumbersController#get_related_resources as HTML
  Parameters: {"relationship"=>"phone_numbers", "source"=>"contacts", "contact_id"=>"1"}
  [1m[36mContact Load (0.2ms)[0m  [1mSELECT  `contacts`.* FROM `contacts` WHERE `contacts`.`id` = 1  ORDER BY `contacts`.`id` ASC LIMIT 1[0m
  [1m[35mPhoneNumber Load (0.1ms)[0m  SELECT `phone_numbers`.* FROM `phone_numbers` WHERE `phone_numbers`.`contact_id` = 1  ORDER BY `phone_numbers`.`id` ASC
Completed 200 OK in 5ms (Views: 0.6ms | ActiveRecord: 0.3ms)


Started GET "/phone-numbers/1/contact" for 127.0.0.1 at 2016-07-06 14:53:12 -0500
Processing by ContactsController#get_related_resource as HTML
  Parameters: {"relationship"=>"contact", "source"=>"phone_numbers", "phone_number_id"=>"1"}
  [1m[36mPhoneNumber Load (0.2ms)[0m  [1mSELECT  `phone_numbers`.* FROM `phone_numbers` WHERE `phone_numbers`.`id` = 1  ORDER BY `phone_numbers`.`id` ASC LIMIT 1[0m
  [1m[35mContact Load (0.1ms)[0m  SELECT  `contacts`.* FROM `contacts` WHERE `contacts`.`id` = 1 LIMIT 1
Completed 200 OK in 3ms (Views: 0.3ms | ActiveRecord: 0.2ms)
